<?xml version="1.0" encoding="UTF-8"?>
<testsuite name="MealTests" tests="1" skipped="0" failures="0" errors="0" timestamp="2023-09-30T15:15:37" hostname="SURFACE-JORFE" time="0.005">
  <properties/>
  <testcase name="testSolution" classname="MealTests" time="0.005"/>
  <system-out><![CDATA[]]></system-out>
  <system-err><![CDATA[]]></system-err>
</testsuite>
